This file contains any messages produced by compilers while
running configure, to aid debugging if configure makes a mistake.

It was created by Gnu1 configure 1.0, which was
generated by GNU Autoconf 2.69.  Invocation command line was

  $ /home/deters/workspace/Gnu1/configure 

## --------- ##
## Platform. ##
## --------- ##

hostname = h
uname -m = x86_64
uname -r = 3.11.0-2-generic
uname -s = Linux
uname -v = #5-Ubuntu SMP Mon Aug 12 16:09:51 UTC 2013

/usr/bin/uname -p = unknown
/bin/uname -X     = unknown

/bin/arch              = unknown
/usr/bin/arch -k       = unknown
/usr/convex/getsysinfo = unknown
/usr/bin/hostinfo      = unknown
/bin/machine           = unknown
/usr/bin/oslevel       = unknown
/bin/universe          = unknown

PATH: /home/deters/bin
PATH: /usr/lib/lightdm/lightdm
PATH: /usr/local/sbin
PATH: /usr/local/bin
PATH: /usr/sbin
PATH: /usr/bin
PATH: /sbin
PATH: /bin
PATH: /usr/games
PATH: /usr/local/games
PATH: /usr/lib/jvm/jdk1.7.0_25/bin
PATH: /home/deters/Scripts
PATH: /home/deters/bin
PATH: /home/deters/Apps/android-sdks/platform-tools


## ----------- ##
## Core tests. ##
## ----------- ##

configure:1881: checking build system type
configure:1895: result: x86_64-unknown-linux-gnu
configure:1915: checking host system type
configure:1928: result: x86_64-unknown-linux-gnu
configure:1948: checking target system type
configure:1961: result: x86_64-unknown-linux-gnu
configure:2004: checking for a BSD-compatible install
configure:2072: result: /usr/bin/install -c
configure:2083: checking whether build environment is sane
configure:2138: result: yes
configure:2289: checking for a thread-safe mkdir -p
configure:2328: result: /bin/mkdir -p
configure:2335: checking for gawk
configure:2351: found /usr/bin/gawk
configure:2362: result: gawk
configure:2373: checking whether make sets $(MAKE)
configure:2395: result: yes
configure:2424: checking whether make supports nested variables
configure:2441: result: yes
configure:2540: checking for style of include used by make
configure:2568: result: GNU
configure:2639: checking for gcc
configure:2655: found /usr/bin/gcc
configure:2666: result: gcc
configure:2895: checking for C compiler version
configure:2904: gcc --version >&5
gcc (Ubuntu/Linaro 4.8.1-8ubuntu1) 4.8.1
Copyright (C) 2013 Free Software Foundation, Inc.
This is free software; see the source for copying conditions.  There is NO
warranty; not even for MERCHANTABILITY or FITNESS FOR A PARTICULAR PURPOSE.

configure:2915: $? = 0
configure:2904: gcc -v >&5
Using built-in specs.
COLLECT_GCC=gcc
COLLECT_LTO_WRAPPER=/usr/lib/gcc/x86_64-linux-gnu/4.8/lto-wrapper
Target: x86_64-linux-gnu
Configured with: ../src/configure -v --with-pkgversion='Ubuntu/Linaro 4.8.1-8ubuntu1' --with-bugurl=file:///usr/share/doc/gcc-4.8/README.Bugs --enable-languages=c,c++,java,go,d,fortran,objc,obj-c++ --prefix=/usr --program-suffix=-4.8 --enable-shared --enable-linker-build-id --libexecdir=/usr/lib --without-included-gettext --enable-threads=posix --with-gxx-include-dir=/usr/include/c++/4.8 --libdir=/usr/lib --enable-nls --with-sysroot=/ --enable-clocale=gnu --enable-libstdcxx-debug --enable-libstdcxx-time=yes --enable-gnu-unique-object --enable-plugin --with-system-zlib --disable-browser-plugin --enable-java-awt=gtk --enable-gtk-cairo --with-java-home=/usr/lib/jvm/java-1.5.0-gcj-4.8-amd64/jre --enable-java-home --with-jvm-root-dir=/usr/lib/jvm/java-1.5.0-gcj-4.8-amd64 --with-jvm-jar-dir=/usr/lib/jvm-exports/java-1.5.0-gcj-4.8-amd64 --with-arch-directory=amd64 --with-ecj-jar=/usr/share/java/eclipse-ecj.jar --enable-objc-gc --enable-multiarch --disable-werror --with-arch-32=i686 --with-abi=m64 --with-multilib-list=m32,m64,mx32 --with-tune=generic --enable-checking=release --build=x86_64-linux-gnu --host=x86_64-linux-gnu --target=x86_64-linux-gnu
Thread model: posix
gcc version 4.8.1 (Ubuntu/Linaro 4.8.1-8ubuntu1) 
configure:2915: $? = 0
configure:2904: gcc -V >&5
gcc: error: unrecognized command line option '-V'
gcc: fatal error: no input files
compilation terminated.
configure:2915: $? = 4
configure:2904: gcc -qversion >&5
gcc: error: unrecognized command line option '-qversion'
gcc: fatal error: no input files
compilation terminated.
configure:2915: $? = 4
configure:2935: checking whether the C compiler works
configure:2957: gcc    conftest.c  >&5
configure:2961: $? = 0
configure:3009: result: yes
configure:3012: checking for C compiler default output file name
configure:3014: result: a.out
configure:3020: checking for suffix of executables
configure:3027: gcc -o conftest    conftest.c  >&5
configure:3031: $? = 0
configure:3053: result: 
configure:3075: checking whether we are cross compiling
configure:3083: gcc -o conftest    conftest.c  >&5
configure:3087: $? = 0
configure:3094: ./conftest
configure:3098: $? = 0
configure:3113: result: no
configure:3118: checking for suffix of object files
configure:3140: gcc -c   conftest.c >&5
configure:3144: $? = 0
configure:3165: result: o
configure:3169: checking whether we are using the GNU C compiler
configure:3188: gcc -c   conftest.c >&5
configure:3188: $? = 0
configure:3197: result: yes
configure:3206: checking whether gcc accepts -g
configure:3226: gcc -c -g  conftest.c >&5
configure:3226: $? = 0
configure:3267: result: yes
configure:3284: checking for gcc option to accept ISO C89
configure:3347: gcc  -c -g -O2  conftest.c >&5
configure:3347: $? = 0
configure:3360: result: none needed
configure:3382: checking dependency style of gcc
configure:3493: result: gcc3
configure:3509: checking for XGrabButton in -lX11
configure:3534: gcc -o conftest -g -O2   conftest.c -lX11   >&5
configure:3534: $? = 0
configure:3543: result: yes
configure:3556: checking for XmuClientWindow in -lXmu
configure:3581: gcc -o conftest -g -O2   conftest.c -lXmu  -lX11  >&5
configure:3581: $? = 0
configure:3590: result: yes
configure:3603: checking for XRenderComposite in -lXrender
configure:3628: gcc -o conftest -g -O2   conftest.c -lXrender  -lXmu -lX11  >&5
configure:3628: $? = 0
configure:3637: result: yes
configure:3650: checking for XTestFakeKeyEvent in -lXtst
configure:3675: gcc -o conftest -g -O2   conftest.c -lXtst  -lXrender -lXmu -lX11  >&5
configure:3675: $? = 0
configure:3684: result: yes
configure:3746: checking for gcc
configure:3773: result: gcc
configure:4002: checking for C compiler version
configure:4011: gcc --version >&5
gcc (Ubuntu/Linaro 4.8.1-8ubuntu1) 4.8.1
Copyright (C) 2013 Free Software Foundation, Inc.
This is free software; see the source for copying conditions.  There is NO
warranty; not even for MERCHANTABILITY or FITNESS FOR A PARTICULAR PURPOSE.

configure:4022: $? = 0
configure:4011: gcc -v >&5
Using built-in specs.
COLLECT_GCC=gcc
COLLECT_LTO_WRAPPER=/usr/lib/gcc/x86_64-linux-gnu/4.8/lto-wrapper
Target: x86_64-linux-gnu
Configured with: ../src/configure -v --with-pkgversion='Ubuntu/Linaro 4.8.1-8ubuntu1' --with-bugurl=file:///usr/share/doc/gcc-4.8/README.Bugs --enable-languages=c,c++,java,go,d,fortran,objc,obj-c++ --prefix=/usr --program-suffix=-4.8 --enable-shared --enable-linker-build-id --libexecdir=/usr/lib --without-included-gettext --enable-threads=posix --with-gxx-include-dir=/usr/include/c++/4.8 --libdir=/usr/lib --enable-nls --with-sysroot=/ --enable-clocale=gnu --enable-libstdcxx-debug --enable-libstdcxx-time=yes --enable-gnu-unique-object --enable-plugin --with-system-zlib --disable-browser-plugin --enable-java-awt=gtk --enable-gtk-cairo --with-java-home=/usr/lib/jvm/java-1.5.0-gcj-4.8-amd64/jre --enable-java-home --with-jvm-root-dir=/usr/lib/jvm/java-1.5.0-gcj-4.8-amd64 --with-jvm-jar-dir=/usr/lib/jvm-exports/java-1.5.0-gcj-4.8-amd64 --with-arch-directory=amd64 --with-ecj-jar=/usr/share/java/eclipse-ecj.jar --enable-objc-gc --enable-multiarch --disable-werror --with-arch-32=i686 --with-abi=m64 --with-multilib-list=m32,m64,mx32 --with-tune=generic --enable-checking=release --build=x86_64-linux-gnu --host=x86_64-linux-gnu --target=x86_64-linux-gnu
Thread model: posix
gcc version 4.8.1 (Ubuntu/Linaro 4.8.1-8ubuntu1) 
configure:4022: $? = 0
configure:4011: gcc -V >&5
gcc: error: unrecognized command line option '-V'
gcc: fatal error: no input files
compilation terminated.
configure:4022: $? = 4
configure:4011: gcc -qversion >&5
gcc: error: unrecognized command line option '-qversion'
gcc: fatal error: no input files
compilation terminated.
configure:4022: $? = 4
configure:4026: checking whether we are using the GNU C compiler
configure:4054: result: yes
configure:4063: checking whether gcc accepts -g
configure:4124: result: yes
configure:4141: checking for gcc option to accept ISO C89
configure:4217: result: none needed
configure:4239: checking dependency style of gcc
configure:4350: result: gcc3
configure:4514: checking that generated files are newer than configure
configure:4520: result: done
configure:4547: creating ./config.status

## ---------------------- ##
## Running config.status. ##
## ---------------------- ##

This file was extended by Gnu1 config.status 1.0, which was
generated by GNU Autoconf 2.69.  Invocation command line was

  CONFIG_FILES    = 
  CONFIG_HEADERS  = 
  CONFIG_LINKS    = 
  CONFIG_COMMANDS = 
  $ ./config.status 

on h

config.status:785: creating Makefile
config.status:785: creating src/Makefile
config.status:957: executing depfiles commands

## ---------------- ##
## Cache variables. ##
## ---------------- ##

ac_cv_build=x86_64-unknown-linux-gnu
ac_cv_c_compiler_gnu=yes
ac_cv_env_CC_set=
ac_cv_env_CC_value=
ac_cv_env_CFLAGS_set=
ac_cv_env_CFLAGS_value=
ac_cv_env_CPPFLAGS_set=
ac_cv_env_CPPFLAGS_value=
ac_cv_env_LDFLAGS_set=
ac_cv_env_LDFLAGS_value=
ac_cv_env_LIBS_set=
ac_cv_env_LIBS_value=
ac_cv_env_build_alias_set=
ac_cv_env_build_alias_value=
ac_cv_env_host_alias_set=
ac_cv_env_host_alias_value=
ac_cv_env_target_alias_set=
ac_cv_env_target_alias_value=
ac_cv_host=x86_64-unknown-linux-gnu
ac_cv_lib_X11_XGrabButton=yes
ac_cv_lib_Xmu_XmuClientWindow=yes
ac_cv_lib_Xrender_XRenderComposite=yes
ac_cv_lib_Xtst_XTestFakeKeyEvent=yes
ac_cv_objext=o
ac_cv_path_install='/usr/bin/install -c'
ac_cv_path_mkdir=/bin/mkdir
ac_cv_prog_AWK=gawk
ac_cv_prog_ac_ct_CC=gcc
ac_cv_prog_cc_c89=
ac_cv_prog_cc_g=yes
ac_cv_prog_make_make_set=yes
ac_cv_target=x86_64-unknown-linux-gnu
am_cv_CC_dependencies_compiler_type=gcc3
am_cv_make_support_nested_variables=yes

## ----------------- ##
## Output variables. ##
## ----------------- ##

ACLOCAL='${SHELL} /home/deters/workspace/Gnu1/missing aclocal-1.13'
AMDEPBACKSLASH='\'
AMDEP_FALSE='#'
AMDEP_TRUE=''
AMTAR='$${TAR-tar}'
AM_BACKSLASH='\'
AM_DEFAULT_V='$(AM_DEFAULT_VERBOSITY)'
AM_DEFAULT_VERBOSITY='1'
AM_V='$(V)'
AUTOCONF='${SHELL} /home/deters/workspace/Gnu1/missing autoconf'
AUTOHEADER='${SHELL} /home/deters/workspace/Gnu1/missing autoheader'
AUTOMAKE='${SHELL} /home/deters/workspace/Gnu1/missing automake-1.13'
AWK='gawk'
CC='gcc'
CCDEPMODE='depmode=gcc3'
CFLAGS='-g -O2'
CPPFLAGS=''
CYGPATH_W='echo'
DEFS='-DPACKAGE_NAME=\"Gnu1\" -DPACKAGE_TARNAME=\"gnu1\" -DPACKAGE_VERSION=\"1.0\" -DPACKAGE_STRING=\"Gnu1\ 1.0\" -DPACKAGE_BUGREPORT=\"\" -DPACKAGE_URL=\"\" -DPACKAGE=\"gnu1\" -DVERSION=\"1.0\" -DHAVE_LIBX11=1 -DHAVE_LIBXMU=1 -DHAVE_LIBXRENDER=1 -DHAVE_LIBXTST=1'
DEPDIR='.deps'
ECHO_C=''
ECHO_N='-n'
ECHO_T=''
EXEEXT=''
INSTALL_DATA='${INSTALL} -m 644'
INSTALL_PROGRAM='${INSTALL}'
INSTALL_SCRIPT='${INSTALL}'
INSTALL_STRIP_PROGRAM='$(install_sh) -c -s'
LDFLAGS=''
LIBOBJS=''
LIBS='-lXtst -lXrender -lXmu -lX11 '
LTLIBOBJS=''
MAKEINFO='${SHELL} /home/deters/workspace/Gnu1/missing makeinfo'
MKDIR_P='/bin/mkdir -p'
OBJEXT='o'
PACKAGE='gnu1'
PACKAGE_BUGREPORT=''
PACKAGE_NAME='Gnu1'
PACKAGE_STRING='Gnu1 1.0'
PACKAGE_TARNAME='gnu1'
PACKAGE_URL=''
PACKAGE_VERSION='1.0'
PATH_SEPARATOR=':'
SET_MAKE=''
SHELL='/bin/bash'
STRIP=''
VERSION='1.0'
ac_ct_CC='gcc'
am__EXEEXT_FALSE=''
am__EXEEXT_TRUE='#'
am__fastdepCC_FALSE='#'
am__fastdepCC_TRUE=''
am__include='include'
am__isrc=''
am__leading_dot='.'
am__nodep='_no'
am__quote=''
am__tar='$${TAR-tar} chof - "$$tardir"'
am__untar='$${TAR-tar} xf -'
bindir='${exec_prefix}/bin'
build='x86_64-unknown-linux-gnu'
build_alias=''
build_cpu='x86_64'
build_os='linux-gnu'
build_vendor='unknown'
datadir='${datarootdir}'
datarootdir='${prefix}/share'
docdir='${datarootdir}/doc/${PACKAGE_TARNAME}'
dvidir='${docdir}'
exec_prefix='${prefix}'
host='x86_64-unknown-linux-gnu'
host_alias=''
host_cpu='x86_64'
host_os='linux-gnu'
host_vendor='unknown'
htmldir='${docdir}'
includedir='${prefix}/include'
infodir='${datarootdir}/info'
install_sh='${SHELL} /home/deters/workspace/Gnu1/install-sh'
libdir='${exec_prefix}/lib'
libexecdir='${exec_prefix}/libexec'
localedir='${datarootdir}/locale'
localstatedir='${prefix}/var'
mandir='${datarootdir}/man'
mkdir_p='$(MKDIR_P)'
oldincludedir='/usr/include'
pdfdir='${docdir}'
prefix='/usr/local'
program_transform_name='s,x,x,'
psdir='${docdir}'
sbindir='${exec_prefix}/sbin'
sharedstatedir='${prefix}/com'
sysconfdir='${prefix}/etc'
target='x86_64-unknown-linux-gnu'
target_alias=''
target_cpu='x86_64'
target_os='linux-gnu'
target_vendor='unknown'

## ----------- ##
## confdefs.h. ##
## ----------- ##

/* confdefs.h */
#define PACKAGE_NAME "Gnu1"
#define PACKAGE_TARNAME "gnu1"
#define PACKAGE_VERSION "1.0"
#define PACKAGE_STRING "Gnu1 1.0"
#define PACKAGE_BUGREPORT ""
#define PACKAGE_URL ""
#define PACKAGE "gnu1"
#define VERSION "1.0"
#define HAVE_LIBX11 1
#define HAVE_LIBXMU 1
#define HAVE_LIBXRENDER 1
#define HAVE_LIBXTST 1

configure: exit 0
